2015-01-18 15:01:56,568 [Worker-9] INFO  o.e.m.c.i.l.LifecycleMappingFactory - Using org.maven.ide.eclipse.wtp.WarLifecycleMapping lifecycle mapping for MavenProject: com.project:stickynotes:1.0.0-BUILD-SNAPSHOT @ C:\Users\Varun\Desktop\Project_to_commit\Stickynotes\pom.xml.
2015-01-18 15:01:56,568 [Worker-11] INFO  o.e.m.c.i.l.LifecycleMappingFactory - Using org.maven.ide.eclipse.wtp.WarLifecycleMapping lifecycle mapping for MavenProject: com.project:stickynotes:1.0.0-BUILD-SNAPSHOT @ C:\Users\Varun\Desktop\Project_to_commit\Stickynotes\pom.xml.
2015-01-18 15:01:56,834 [Worker-11] INFO  o.e.m.c.i.e.AbstractTransferListenerAdapter - Downloading http://repo.maven.apache.org/maven2/org/springframework/spring-context/3.1.1.RELEASE/spring-context-3.1.1.RELEASE.pom
2015-01-18 15:01:56,896 [Worker-11] INFO  o.e.m.c.i.e.AbstractTransferListenerAdapter - Downloaded http://repo.maven.apache.org/maven2/org/springframework/spring-context/3.1.1.RELEASE/spring-context-3.1.1.RELEASE.pom
2015-01-18 15:01:56,943 [Worker-11] INFO  o.e.m.c.i.e.AbstractTransferListenerAdapter - Downloading http://repo.maven.apache.org/maven2/org/springframework/spring-parent/3.1.1.RELEASE/spring-parent-3.1.1.RELEASE.pom
2015-01-18 15:01:57,006 [Worker-11] INFO  o.e.m.c.i.e.AbstractTransferListenerAdapter - Downloaded http://repo.maven.apache.org/maven2/org/springframework/spring-parent/3.1.1.RELEASE/spring-parent-3.1.1.RELEASE.pom
2015-01-18 15:01:57,100 [Worker-9] INFO  o.e.m.c.i.e.AbstractTransferListenerAdapter - Downloading http://repo.maven.apache.org/maven2/org/springframework/spring-aop/3.1.1.RELEASE/spring-aop-3.1.1.RELEASE.pom
2015-01-18 15:01:57,162 [Worker-9] INFO  o.e.m.c.i.e.AbstractTransferListenerAdapter - Downloaded http://repo.maven.apache.org/maven2/org/springframework/spring-aop/3.1.1.RELEASE/spring-aop-3.1.1.RELEASE.pom
2015-01-18 15:01:57,209 [Worker-9] INFO  o.e.m.c.i.e.AbstractTransferListenerAdapter - Downloading http://repo.maven.apache.org/maven2/org/springframework/spring-asm/3.1.1.RELEASE/spring-asm-3.1.1.RELEASE.pom
2015-01-18 15:01:57,256 [Worker-9] INFO  o.e.m.c.i.e.AbstractTransferListenerAdapter - Downloaded http://repo.maven.apache.org/maven2/org/springframework/spring-asm/3.1.1.RELEASE/spring-asm-3.1.1.RELEASE.pom
2015-01-18 15:01:57,318 [Worker-11] INFO  o.e.m.c.i.e.AbstractTransferListenerAdapter - Downloading http://repo.maven.apache.org/maven2/org/springframework/spring-beans/3.1.1.RELEASE/spring-beans-3.1.1.RELEASE.pom
2015-01-18 15:01:57,365 [Worker-11] INFO  o.e.m.c.i.e.AbstractTransferListenerAdapter - Downloaded http://repo.maven.apache.org/maven2/org/springframework/spring-beans/3.1.1.RELEASE/spring-beans-3.1.1.RELEASE.pom
2015-01-18 15:01:57,412 [Worker-11] INFO  o.e.m.c.i.e.AbstractTransferListenerAdapter - Downloading http://repo.maven.apache.org/maven2/org/springframework/spring-core/3.1.1.RELEASE/spring-core-3.1.1.RELEASE.pom
2015-01-18 15:01:57,459 [Worker-11] INFO  o.e.m.c.i.e.AbstractTransferListenerAdapter - Downloaded http://repo.maven.apache.org/maven2/org/springframework/spring-core/3.1.1.RELEASE/spring-core-3.1.1.RELEASE.pom
2015-01-18 15:01:57,506 [Worker-11] INFO  o.e.m.c.i.e.AbstractTransferListenerAdapter - Downloading http://repo.maven.apache.org/maven2/org/springframework/spring-expression/3.1.1.RELEASE/spring-expression-3.1.1.RELEASE.pom
2015-01-18 15:01:57,568 [Worker-11] INFO  o.e.m.c.i.e.AbstractTransferListenerAdapter - Downloaded http://repo.maven.apache.org/maven2/org/springframework/spring-expression/3.1.1.RELEASE/spring-expression-3.1.1.RELEASE.pom
2015-01-18 15:01:57,615 [Worker-11] INFO  o.e.m.c.i.e.AbstractTransferListenerAdapter - Downloading http://repo.maven.apache.org/maven2/org/springframework/spring-webmvc/3.1.1.RELEASE/spring-webmvc-3.1.1.RELEASE.pom
2015-01-18 15:01:57,678 [Worker-11] INFO  o.e.m.c.i.e.AbstractTransferListenerAdapter - Downloaded http://repo.maven.apache.org/maven2/org/springframework/spring-webmvc/3.1.1.RELEASE/spring-webmvc-3.1.1.RELEASE.pom
2015-01-18 15:01:57,803 [Worker-11] INFO  o.e.m.c.i.e.AbstractTransferListenerAdapter - Downloading http://repo.maven.apache.org/maven2/org/springframework/spring-context-support/3.1.1.RELEASE/spring-context-support-3.1.1.RELEASE.pom
2015-01-18 15:01:57,881 [Worker-11] INFO  o.e.m.c.i.e.AbstractTransferListenerAdapter - Downloaded http://repo.maven.apache.org/maven2/org/springframework/spring-context-support/3.1.1.RELEASE/spring-context-support-3.1.1.RELEASE.pom
2015-01-18 15:01:57,928 [Worker-11] INFO  o.e.m.c.i.e.AbstractTransferListenerAdapter - Downloading http://repo.maven.apache.org/maven2/org/springframework/spring-web/3.1.1.RELEASE/spring-web-3.1.1.RELEASE.pom
2015-01-18 15:01:57,990 [Worker-11] INFO  o.e.m.c.i.e.AbstractTransferListenerAdapter - Downloaded http://repo.maven.apache.org/maven2/org/springframework/spring-web/3.1.1.RELEASE/spring-web-3.1.1.RELEASE.pom
2015-01-18 15:01:58,178 [Worker-11] INFO  o.e.m.c.i.e.AbstractTransferListenerAdapter - Downloading http://repo.maven.apache.org/maven2/org/springframework/spring-context/3.1.1.RELEASE/spring-context-3.1.1.RELEASE.jar
2015-01-18 15:01:59,035 [Worker-11] INFO  o.e.m.c.i.e.AbstractTransferListenerAdapter - Downloaded http://repo.maven.apache.org/maven2/org/springframework/spring-context/3.1.1.RELEASE/spring-context-3.1.1.RELEASE.jar
2015-01-18 15:01:59,098 [Worker-11] INFO  o.e.m.c.i.e.AbstractTransferListenerAdapter - Downloading http://repo.maven.apache.org/maven2/org/springframework/spring-aop/3.1.1.RELEASE/spring-aop-3.1.1.RELEASE.jar
2015-01-18 15:01:59,285 [Worker-11] INFO  o.e.m.c.i.e.AbstractTransferListenerAdapter - Downloaded http://repo.maven.apache.org/maven2/org/springframework/spring-aop/3.1.1.RELEASE/spring-aop-3.1.1.RELEASE.jar
2015-01-18 15:01:59,317 [Worker-11] INFO  o.e.m.c.i.e.AbstractTransferListenerAdapter - Downloading http://repo.maven.apache.org/maven2/org/springframework/spring-beans/3.1.1.RELEASE/spring-beans-3.1.1.RELEASE.jar
2015-01-18 15:01:59,614 [Worker-11] INFO  o.e.m.c.i.e.AbstractTransferListenerAdapter - Downloaded http://repo.maven.apache.org/maven2/org/springframework/spring-beans/3.1.1.RELEASE/spring-beans-3.1.1.RELEASE.jar
2015-01-18 15:02:00,864 [Worker-11] INFO  o.e.m.c.i.e.AbstractTransferListenerAdapter - Downloading http://repo.maven.apache.org/maven2/org/springframework/spring-core/3.1.1.RELEASE/spring-core-3.1.1.RELEASE.jar
2015-01-18 15:02:00,942 [Worker-11] INFO  o.e.m.c.i.e.AbstractTransferListenerAdapter - Downloaded http://repo.maven.apache.org/maven2/org/springframework/spring-core/3.1.1.RELEASE/spring-core-3.1.1.RELEASE.jar
2015-01-18 15:02:00,973 [Worker-11] INFO  o.e.m.c.i.e.AbstractTransferListenerAdapter - Downloading http://repo.maven.apache.org/maven2/org/springframework/spring-expression/3.1.1.RELEASE/spring-expression-3.1.1.RELEASE.jar
2015-01-18 15:02:01,114 [Worker-11] INFO  o.e.m.c.i.e.AbstractTransferListenerAdapter - Downloaded http://repo.maven.apache.org/maven2/org/springframework/spring-expression/3.1.1.RELEASE/spring-expression-3.1.1.RELEASE.jar
2015-01-18 15:02:01,145 [Worker-11] INFO  o.e.m.c.i.e.AbstractTransferListenerAdapter - Downloading http://repo.maven.apache.org/maven2/org/springframework/spring-asm/3.1.1.RELEASE/spring-asm-3.1.1.RELEASE.jar
2015-01-18 15:02:01,223 [Worker-11] INFO  o.e.m.c.i.e.AbstractTransferListenerAdapter - Downloaded http://repo.maven.apache.org/maven2/org/springframework/spring-asm/3.1.1.RELEASE/spring-asm-3.1.1.RELEASE.jar
2015-01-18 15:02:01,254 [Worker-11] INFO  o.e.m.c.i.e.AbstractTransferListenerAdapter - Downloading http://repo.maven.apache.org/maven2/org/springframework/spring-webmvc/3.1.1.RELEASE/spring-webmvc-3.1.1.RELEASE.jar
2015-01-18 15:02:01,770 [Worker-11] INFO  o.e.m.c.i.e.AbstractTransferListenerAdapter - Downloaded http://repo.maven.apache.org/maven2/org/springframework/spring-webmvc/3.1.1.RELEASE/spring-webmvc-3.1.1.RELEASE.jar
2015-01-18 15:02:01,801 [Worker-11] INFO  o.e.m.c.i.e.AbstractTransferListenerAdapter - Downloading http://repo.maven.apache.org/maven2/org/springframework/spring-context-support/3.1.1.RELEASE/spring-context-support-3.1.1.RELEASE.jar
2015-01-18 15:02:01,879 [Worker-11] INFO  o.e.m.c.i.e.AbstractTransferListenerAdapter - Downloaded http://repo.maven.apache.org/maven2/org/springframework/spring-context-support/3.1.1.RELEASE/spring-context-support-3.1.1.RELEASE.jar
2015-01-18 15:02:01,910 [Worker-11] INFO  o.e.m.c.i.e.AbstractTransferListenerAdapter - Downloading http://repo.maven.apache.org/maven2/org/springframework/spring-web/3.1.1.RELEASE/spring-web-3.1.1.RELEASE.jar
2015-01-18 15:02:02,301 [Worker-11] INFO  o.e.m.c.i.e.AbstractTransferListenerAdapter - Downloaded http://repo.maven.apache.org/maven2/org/springframework/spring-web/3.1.1.RELEASE/spring-web-3.1.1.RELEASE.jar
2015-01-18 15:02:05,020 [Worker-9] WARN  o.e.m.c.i.embedder.EclipseLogger - Using platform encoding (Cp1252 actually) to copy filtered resources, i.e. build is platform dependent!
2015-01-18 15:02:05,035 [Worker-9] INFO  o.e.m.c.i.embedder.EclipseLogger - Copying 1 resource
2015-01-18 15:02:05,051 [Worker-9] WARN  o.e.m.c.i.embedder.EclipseLogger - Using platform encoding (Cp1252 actually) to copy filtered resources, i.e. build is platform dependent!
2015-01-18 15:02:05,051 [Worker-9] INFO  o.e.m.c.i.embedder.EclipseLogger - Copying 1 resource
2015-01-18 15:02:06,848 [Worker-12] WARN  o.e.m.c.i.embedder.EclipseLogger - Using platform encoding (Cp1252 actually) to copy filtered resources, i.e. build is platform dependent!
2015-01-18 15:02:06,864 [Worker-12] INFO  o.e.m.c.i.embedder.EclipseLogger - Copying 1 resource
2015-01-18 15:02:06,864 [Worker-12] WARN  o.e.m.c.i.embedder.EclipseLogger - Using platform encoding (Cp1252 actually) to copy filtered resources, i.e. build is platform dependent!
2015-01-18 15:02:06,879 [Worker-12] INFO  o.e.m.c.i.embedder.EclipseLogger - Copying 1 resource
2015-01-18 15:02:08,082 [Worker-11] INFO  o.e.m.c.i.l.LifecycleMappingFactory - Using org.maven.ide.eclipse.wtp.WarLifecycleMapping lifecycle mapping for MavenProject: com.project:stickynotes:1.0.0-BUILD-SNAPSHOT @ C:\Users\Varun\Desktop\Project_to_commit\Stickynotes\pom.xml.
2015-01-18 15:02:08,192 [Worker-1] WARN  o.e.m.c.i.embedder.EclipseLogger - Using platform encoding (Cp1252 actually) to copy filtered resources, i.e. build is platform dependent!
2015-01-18 15:02:08,207 [Worker-1] INFO  o.e.m.c.i.embedder.EclipseLogger - Copying 0 resource
2015-01-18 15:02:08,223 [Worker-1] WARN  o.e.m.c.i.embedder.EclipseLogger - Using platform encoding (Cp1252 actually) to copy filtered resources, i.e. build is platform dependent!
2015-01-18 15:02:08,223 [Worker-1] INFO  o.e.m.c.i.embedder.EclipseLogger - Copying 0 resource
2015-01-18 15:02:09,442 [Worker-9] WARN  o.e.m.c.i.embedder.EclipseLogger - Using platform encoding (Cp1252 actually) to copy filtered resources, i.e. build is platform dependent!
2015-01-18 15:02:09,457 [Worker-9] INFO  o.e.m.c.i.embedder.EclipseLogger - Copying 0 resource
2015-01-18 15:02:09,457 [Worker-9] WARN  o.e.m.c.i.embedder.EclipseLogger - Using platform encoding (Cp1252 actually) to copy filtered resources, i.e. build is platform dependent!
2015-01-18 15:02:09,457 [Worker-9] INFO  o.e.m.c.i.embedder.EclipseLogger - Copying 0 resource
2015-01-18 15:04:09,581 [Worker-6] WARN  o.e.m.c.i.embedder.EclipseLogger - Using platform encoding (Cp1252 actually) to copy filtered resources, i.e. build is platform dependent!
2015-01-18 15:04:09,581 [Worker-6] INFO  o.e.m.c.i.embedder.EclipseLogger - Copying 1 resource
2015-01-18 15:04:09,597 [Worker-6] WARN  o.e.m.c.i.embedder.EclipseLogger - Using platform encoding (Cp1252 actually) to copy filtered resources, i.e. build is platform dependent!
2015-01-18 15:04:09,597 [Worker-6] INFO  o.e.m.c.i.embedder.EclipseLogger - Copying 0 resource
2015-01-18 15:04:29,300 [Worker-7] WARN  o.e.m.c.i.embedder.EclipseLogger - Using platform encoding (Cp1252 actually) to copy filtered resources, i.e. build is platform dependent!
2015-01-18 15:04:29,300 [Worker-7] INFO  o.e.m.c.i.embedder.EclipseLogger - Copying 1 resource
2015-01-18 15:04:29,300 [Worker-7] WARN  o.e.m.c.i.embedder.EclipseLogger - Using platform encoding (Cp1252 actually) to copy filtered resources, i.e. build is platform dependent!
2015-01-18 15:04:29,300 [Worker-7] INFO  o.e.m.c.i.embedder.EclipseLogger - Copying 0 resource
2015-01-18 15:04:47,693 [Worker-7] WARN  o.e.m.c.i.embedder.EclipseLogger - Using platform encoding (Cp1252 actually) to copy filtered resources, i.e. build is platform dependent!
2015-01-18 15:04:47,693 [Worker-7] INFO  o.e.m.c.i.embedder.EclipseLogger - Copying 1 resource
2015-01-18 15:04:47,693 [Worker-7] WARN  o.e.m.c.i.embedder.EclipseLogger - Using platform encoding (Cp1252 actually) to copy filtered resources, i.e. build is platform dependent!
2015-01-18 15:04:47,709 [Worker-7] INFO  o.e.m.c.i.embedder.EclipseLogger - Copying 0 resource
2015-01-18 15:05:33,255 [Worker-16] WARN  o.e.m.c.i.embedder.EclipseLogger - Using platform encoding (Cp1252 actually) to copy filtered resources, i.e. build is platform dependent!
2015-01-18 15:05:33,255 [Worker-16] INFO  o.e.m.c.i.embedder.EclipseLogger - Copying 1 resource
2015-01-18 15:05:33,270 [Worker-16] WARN  o.e.m.c.i.embedder.EclipseLogger - Using platform encoding (Cp1252 actually) to copy filtered resources, i.e. build is platform dependent!
2015-01-18 15:05:33,270 [Worker-16] INFO  o.e.m.c.i.embedder.EclipseLogger - Copying 0 resource
2015-01-18 15:06:04,795 [Worker-2] WARN  o.e.m.c.i.embedder.EclipseLogger - Using platform encoding (Cp1252 actually) to copy filtered resources, i.e. build is platform dependent!
2015-01-18 15:06:04,795 [Worker-2] INFO  o.e.m.c.i.embedder.EclipseLogger - Copying 1 resource
2015-01-18 15:06:04,810 [Worker-2] WARN  o.e.m.c.i.embedder.EclipseLogger - Using platform encoding (Cp1252 actually) to copy filtered resources, i.e. build is platform dependent!
2015-01-18 15:06:04,810 [Worker-2] INFO  o.e.m.c.i.embedder.EclipseLogger - Copying 0 resource
2015-01-18 15:06:21,456 [Worker-11] WARN  o.e.m.c.i.embedder.EclipseLogger - Using platform encoding (Cp1252 actually) to copy filtered resources, i.e. build is platform dependent!
2015-01-18 15:06:21,456 [Worker-11] INFO  o.e.m.c.i.embedder.EclipseLogger - Copying 1 resource
2015-01-18 15:06:21,456 [Worker-11] WARN  o.e.m.c.i.embedder.EclipseLogger - Using platform encoding (Cp1252 actually) to copy filtered resources, i.e. build is platform dependent!
2015-01-18 15:06:21,472 [Worker-11] INFO  o.e.m.c.i.embedder.EclipseLogger - Copying 0 resource
2015-01-18 15:06:41,866 [Worker-13] WARN  o.e.m.c.i.embedder.EclipseLogger - Using platform encoding (Cp1252 actually) to copy filtered resources, i.e. build is platform dependent!
2015-01-18 15:06:41,881 [Worker-13] INFO  o.e.m.c.i.embedder.EclipseLogger - Copying 1 resource
2015-01-18 15:06:41,881 [Worker-13] WARN  o.e.m.c.i.embedder.EclipseLogger - Using platform encoding (Cp1252 actually) to copy filtered resources, i.e. build is platform dependent!
2015-01-18 15:06:41,897 [Worker-13] INFO  o.e.m.c.i.embedder.EclipseLogger - Copying 0 resource
2015-01-18 15:06:49,077 [Worker-7] WARN  o.e.m.c.i.embedder.EclipseLogger - Using platform encoding (Cp1252 actually) to copy filtered resources, i.e. build is platform dependent!
2015-01-18 15:06:49,093 [Worker-7] INFO  o.e.m.c.i.embedder.EclipseLogger - Copying 1 resource
2015-01-18 15:06:49,093 [Worker-7] WARN  o.e.m.c.i.embedder.EclipseLogger - Using platform encoding (Cp1252 actually) to copy filtered resources, i.e. build is platform dependent!
2015-01-18 15:06:49,093 [Worker-7] INFO  o.e.m.c.i.embedder.EclipseLogger - Copying 0 resource
2015-01-18 15:07:15,859 [Worker-11] WARN  o.e.m.c.i.embedder.EclipseLogger - Using platform encoding (Cp1252 actually) to copy filtered resources, i.e. build is platform dependent!
2015-01-18 15:07:15,859 [Worker-11] INFO  o.e.m.c.i.embedder.EclipseLogger - Copying 1 resource
2015-01-18 15:07:15,859 [Worker-11] WARN  o.e.m.c.i.embedder.EclipseLogger - Using platform encoding (Cp1252 actually) to copy filtered resources, i.e. build is platform dependent!
2015-01-18 15:07:15,859 [Worker-11] INFO  o.e.m.c.i.embedder.EclipseLogger - Copying 0 resource
2015-01-18 15:07:30,419 [Worker-7] WARN  o.e.m.c.i.embedder.EclipseLogger - Using platform encoding (Cp1252 actually) to copy filtered resources, i.e. build is platform dependent!
2015-01-18 15:07:30,419 [Worker-7] INFO  o.e.m.c.i.embedder.EclipseLogger - Copying 1 resource
2015-01-18 15:07:30,419 [Worker-7] WARN  o.e.m.c.i.embedder.EclipseLogger - Using platform encoding (Cp1252 actually) to copy filtered resources, i.e. build is platform dependent!
2015-01-18 15:07:30,435 [Worker-7] INFO  o.e.m.c.i.embedder.EclipseLogger - Copying 0 resource
2015-01-18 15:07:48,270 [Worker-13] WARN  o.e.m.c.i.embedder.EclipseLogger - Using platform encoding (Cp1252 actually) to copy filtered resources, i.e. build is platform dependent!
2015-01-18 15:07:48,270 [Worker-13] INFO  o.e.m.c.i.embedder.EclipseLogger - Copying 1 resource
2015-01-18 15:07:48,286 [Worker-13] WARN  o.e.m.c.i.embedder.EclipseLogger - Using platform encoding (Cp1252 actually) to copy filtered resources, i.e. build is platform dependent!
2015-01-18 15:07:48,286 [Worker-13] INFO  o.e.m.c.i.embedder.EclipseLogger - Copying 0 resource
2015-01-18 15:08:17,557 [Worker-17] WARN  o.e.m.c.i.embedder.EclipseLogger - Using platform encoding (Cp1252 actually) to copy filtered resources, i.e. build is platform dependent!
2015-01-18 15:08:17,557 [Worker-17] INFO  o.e.m.c.i.embedder.EclipseLogger - Copying 1 resource
2015-01-18 15:08:17,572 [Worker-17] WARN  o.e.m.c.i.embedder.EclipseLogger - Using platform encoding (Cp1252 actually) to copy filtered resources, i.e. build is platform dependent!
2015-01-18 15:08:17,572 [Worker-17] INFO  o.e.m.c.i.embedder.EclipseLogger - Copying 0 resource
2015-01-18 15:08:38,996 [Worker-15] WARN  o.e.m.c.i.embedder.EclipseLogger - Using platform encoding (Cp1252 actually) to copy filtered resources, i.e. build is platform dependent!
2015-01-18 15:08:38,996 [Worker-15] INFO  o.e.m.c.i.embedder.EclipseLogger - Copying 1 resource
2015-01-18 15:08:39,012 [Worker-15] WARN  o.e.m.c.i.embedder.EclipseLogger - Using platform encoding (Cp1252 actually) to copy filtered resources, i.e. build is platform dependent!
2015-01-18 15:08:39,012 [Worker-15] INFO  o.e.m.c.i.embedder.EclipseLogger - Copying 0 resource
2015-01-18 15:09:06,639 [Worker-2] WARN  o.e.m.c.i.embedder.EclipseLogger - Using platform encoding (Cp1252 actually) to copy filtered resources, i.e. build is platform dependent!
2015-01-18 15:09:06,639 [Worker-2] INFO  o.e.m.c.i.embedder.EclipseLogger - Copying 1 resource
2015-01-18 15:09:06,639 [Worker-2] WARN  o.e.m.c.i.embedder.EclipseLogger - Using platform encoding (Cp1252 actually) to copy filtered resources, i.e. build is platform dependent!
2015-01-18 15:09:06,654 [Worker-2] INFO  o.e.m.c.i.embedder.EclipseLogger - Copying 0 resource
2015-01-18 15:09:28,167 [Worker-13] WARN  o.e.m.c.i.embedder.EclipseLogger - Using platform encoding (Cp1252 actually) to copy filtered resources, i.e. build is platform dependent!
2015-01-18 15:09:28,167 [Worker-13] INFO  o.e.m.c.i.embedder.EclipseLogger - Copying 1 resource
2015-01-18 15:09:28,183 [Worker-13] WARN  o.e.m.c.i.embedder.EclipseLogger - Using platform encoding (Cp1252 actually) to copy filtered resources, i.e. build is platform dependent!
2015-01-18 15:09:28,183 [Worker-13] INFO  o.e.m.c.i.embedder.EclipseLogger - Copying 0 resource
2015-01-18 15:10:09,155 [Worker-7] WARN  o.e.m.c.i.embedder.EclipseLogger - Using platform encoding (Cp1252 actually) to copy filtered resources, i.e. build is platform dependent!
2015-01-18 15:10:09,155 [Worker-7] INFO  o.e.m.c.i.embedder.EclipseLogger - Copying 1 resource
2015-01-18 15:10:09,155 [Worker-7] WARN  o.e.m.c.i.embedder.EclipseLogger - Using platform encoding (Cp1252 actually) to copy filtered resources, i.e. build is platform dependent!
2015-01-18 15:10:09,155 [Worker-7] INFO  o.e.m.c.i.embedder.EclipseLogger - Copying 0 resource
2015-01-18 15:10:25,942 [Worker-14] WARN  o.e.m.c.i.embedder.EclipseLogger - Using platform encoding (Cp1252 actually) to copy filtered resources, i.e. build is platform dependent!
2015-01-18 15:10:25,942 [Worker-14] INFO  o.e.m.c.i.embedder.EclipseLogger - Copying 1 resource
2015-01-18 15:10:25,942 [Worker-14] WARN  o.e.m.c.i.embedder.EclipseLogger - Using platform encoding (Cp1252 actually) to copy filtered resources, i.e. build is platform dependent!
2015-01-18 15:10:25,958 [Worker-14] INFO  o.e.m.c.i.embedder.EclipseLogger - Copying 0 resource
2015-01-18 15:10:56,445 [Worker-15] WARN  o.e.m.c.i.embedder.EclipseLogger - Using platform encoding (Cp1252 actually) to copy filtered resources, i.e. build is platform dependent!
2015-01-18 15:10:56,461 [Worker-15] INFO  o.e.m.c.i.embedder.EclipseLogger - Copying 1 resource
2015-01-18 15:10:56,461 [Worker-15] WARN  o.e.m.c.i.embedder.EclipseLogger - Using platform encoding (Cp1252 actually) to copy filtered resources, i.e. build is platform dependent!
2015-01-18 15:10:56,461 [Worker-15] INFO  o.e.m.c.i.embedder.EclipseLogger - Copying 0 resource
2015-01-18 15:11:09,951 [Worker-12] WARN  o.e.m.c.i.embedder.EclipseLogger - Using platform encoding (Cp1252 actually) to copy filtered resources, i.e. build is platform dependent!
2015-01-18 15:11:09,967 [Worker-12] INFO  o.e.m.c.i.embedder.EclipseLogger - Copying 1 resource
2015-01-18 15:11:09,967 [Worker-12] WARN  o.e.m.c.i.embedder.EclipseLogger - Using platform encoding (Cp1252 actually) to copy filtered resources, i.e. build is platform dependent!
2015-01-18 15:11:09,967 [Worker-12] INFO  o.e.m.c.i.embedder.EclipseLogger - Copying 0 resource
2015-01-18 15:11:32,809 [Worker-6] WARN  o.e.m.c.i.embedder.EclipseLogger - Using platform encoding (Cp1252 actually) to copy filtered resources, i.e. build is platform dependent!
2015-01-18 15:11:32,824 [Worker-6] INFO  o.e.m.c.i.embedder.EclipseLogger - Copying 1 resource
2015-01-18 15:11:32,824 [Worker-6] WARN  o.e.m.c.i.embedder.EclipseLogger - Using platform encoding (Cp1252 actually) to copy filtered resources, i.e. build is platform dependent!
2015-01-18 15:11:32,824 [Worker-6] INFO  o.e.m.c.i.embedder.EclipseLogger - Copying 0 resource
2015-01-18 15:11:46,958 [Worker-13] WARN  o.e.m.c.i.embedder.EclipseLogger - Using platform encoding (Cp1252 actually) to copy filtered resources, i.e. build is platform dependent!
2015-01-18 15:11:46,958 [Worker-13] INFO  o.e.m.c.i.embedder.EclipseLogger - Copying 1 resource
2015-01-18 15:11:46,958 [Worker-13] WARN  o.e.m.c.i.embedder.EclipseLogger - Using platform encoding (Cp1252 actually) to copy filtered resources, i.e. build is platform dependent!
2015-01-18 15:11:46,973 [Worker-13] INFO  o.e.m.c.i.embedder.EclipseLogger - Copying 0 resource
2015-01-18 15:12:19,687 [Worker-16] WARN  o.e.m.c.i.embedder.EclipseLogger - Using platform encoding (Cp1252 actually) to copy filtered resources, i.e. build is platform dependent!
2015-01-18 15:12:19,687 [Worker-16] INFO  o.e.m.c.i.embedder.EclipseLogger - Copying 1 resource
2015-01-18 15:12:19,702 [Worker-16] WARN  o.e.m.c.i.embedder.EclipseLogger - Using platform encoding (Cp1252 actually) to copy filtered resources, i.e. build is platform dependent!
2015-01-18 15:12:19,702 [Worker-16] INFO  o.e.m.c.i.embedder.EclipseLogger - Copying 0 resource
2015-01-18 15:12:27,687 [Worker-7] WARN  o.e.m.c.i.embedder.EclipseLogger - Using platform encoding (Cp1252 actually) to copy filtered resources, i.e. build is platform dependent!
2015-01-18 15:12:27,687 [Worker-7] INFO  o.e.m.c.i.embedder.EclipseLogger - Copying 1 resource
2015-01-18 15:12:27,703 [Worker-7] WARN  o.e.m.c.i.embedder.EclipseLogger - Using platform encoding (Cp1252 actually) to copy filtered resources, i.e. build is platform dependent!
2015-01-18 15:12:27,703 [Worker-7] INFO  o.e.m.c.i.embedder.EclipseLogger - Copying 0 resource
2015-01-18 15:12:39,054 [Worker-16] WARN  o.e.m.c.i.embedder.EclipseLogger - Using platform encoding (Cp1252 actually) to copy filtered resources, i.e. build is platform dependent!
2015-01-18 15:12:39,054 [Worker-16] INFO  o.e.m.c.i.embedder.EclipseLogger - Copying 1 resource
2015-01-18 15:12:39,054 [Worker-16] WARN  o.e.m.c.i.embedder.EclipseLogger - Using platform encoding (Cp1252 actually) to copy filtered resources, i.e. build is platform dependent!
2015-01-18 15:12:39,069 [Worker-16] INFO  o.e.m.c.i.embedder.EclipseLogger - Copying 0 resource
2015-01-18 15:12:55,977 [Worker-18] WARN  o.e.m.c.i.embedder.EclipseLogger - Using platform encoding (Cp1252 actually) to copy filtered resources, i.e. build is platform dependent!
2015-01-18 15:12:55,977 [Worker-18] INFO  o.e.m.c.i.embedder.EclipseLogger - Copying 1 resource
2015-01-18 15:12:55,977 [Worker-18] WARN  o.e.m.c.i.embedder.EclipseLogger - Using platform encoding (Cp1252 actually) to copy filtered resources, i.e. build is platform dependent!
2015-01-18 15:12:55,993 [Worker-18] INFO  o.e.m.c.i.embedder.EclipseLogger - Copying 0 resource
2015-01-18 15:13:23,345 [Worker-2] WARN  o.e.m.c.i.embedder.EclipseLogger - Using platform encoding (Cp1252 actually) to copy filtered resources, i.e. build is platform dependent!
2015-01-18 15:13:23,345 [Worker-2] INFO  o.e.m.c.i.embedder.EclipseLogger - Copying 1 resource
2015-01-18 15:13:23,345 [Worker-2] WARN  o.e.m.c.i.embedder.EclipseLogger - Using platform encoding (Cp1252 actually) to copy filtered resources, i.e. build is platform dependent!
2015-01-18 15:13:23,361 [Worker-2] INFO  o.e.m.c.i.embedder.EclipseLogger - Copying 0 resource
2015-01-18 15:13:50,426 [Worker-17] WARN  o.e.m.c.i.embedder.EclipseLogger - Using platform encoding (Cp1252 actually) to copy filtered resources, i.e. build is platform dependent!
2015-01-18 15:13:50,426 [Worker-17] INFO  o.e.m.c.i.embedder.EclipseLogger - Copying 1 resource
2015-01-18 15:13:50,426 [Worker-17] WARN  o.e.m.c.i.embedder.EclipseLogger - Using platform encoding (Cp1252 actually) to copy filtered resources, i.e. build is platform dependent!
2015-01-18 15:13:50,442 [Worker-17] INFO  o.e.m.c.i.embedder.EclipseLogger - Copying 0 resource
2015-01-18 15:14:34,023 [Worker-13] WARN  o.e.m.c.i.embedder.EclipseLogger - Using platform encoding (Cp1252 actually) to copy filtered resources, i.e. build is platform dependent!
2015-01-18 15:14:34,023 [Worker-13] INFO  o.e.m.c.i.embedder.EclipseLogger - Copying 2 resources
2015-01-18 15:14:34,023 [Worker-13] WARN  o.e.m.c.i.embedder.EclipseLogger - Using platform encoding (Cp1252 actually) to copy filtered resources, i.e. build is platform dependent!
2015-01-18 15:14:34,023 [Worker-13] INFO  o.e.m.c.i.embedder.EclipseLogger - Copying 0 resource
2015-01-18 15:15:49,050 [Worker-12] WARN  o.e.m.c.i.embedder.EclipseLogger - Using platform encoding (Cp1252 actually) to copy filtered resources, i.e. build is platform dependent!
2015-01-18 15:15:49,065 [Worker-12] INFO  o.e.m.c.i.embedder.EclipseLogger - Copying 0 resource
2015-01-18 15:15:49,065 [Worker-12] WARN  o.e.m.c.i.embedder.EclipseLogger - Using platform encoding (Cp1252 actually) to copy filtered resources, i.e. build is platform dependent!
2015-01-18 15:15:49,065 [Worker-12] INFO  o.e.m.c.i.embedder.EclipseLogger - Copying 0 resource
2015-01-18 15:16:00,754 [Worker-17] WARN  o.e.m.c.i.embedder.EclipseLogger - Using platform encoding (Cp1252 actually) to copy filtered resources, i.e. build is platform dependent!
2015-01-18 15:16:00,769 [Worker-17] INFO  o.e.m.c.i.embedder.EclipseLogger - Copying 0 resource
2015-01-18 15:16:00,769 [Worker-17] WARN  o.e.m.c.i.embedder.EclipseLogger - Using platform encoding (Cp1252 actually) to copy filtered resources, i.e. build is platform dependent!
2015-01-18 15:16:00,769 [Worker-17] INFO  o.e.m.c.i.embedder.EclipseLogger - Copying 0 resource
2015-01-18 15:16:09,544 [Worker-6] WARN  o.e.m.c.i.embedder.EclipseLogger - Using platform encoding (Cp1252 actually) to copy filtered resources, i.e. build is platform dependent!
2015-01-18 15:16:09,560 [Worker-6] INFO  o.e.m.c.i.embedder.EclipseLogger - Copying 0 resource
2015-01-18 15:16:09,560 [Worker-6] WARN  o.e.m.c.i.embedder.EclipseLogger - Using platform encoding (Cp1252 actually) to copy filtered resources, i.e. build is platform dependent!
2015-01-18 15:16:09,576 [Worker-6] INFO  o.e.m.c.i.embedder.EclipseLogger - Copying 0 resource
2015-01-18 15:16:17,096 [Worker-17] WARN  o.e.m.c.i.embedder.EclipseLogger - Using platform encoding (Cp1252 actually) to copy filtered resources, i.e. build is platform dependent!
2015-01-18 15:16:17,096 [Worker-17] INFO  o.e.m.c.i.embedder.EclipseLogger - Copying 0 resource
2015-01-18 15:16:17,096 [Worker-17] WARN  o.e.m.c.i.embedder.EclipseLogger - Using platform encoding (Cp1252 actually) to copy filtered resources, i.e. build is platform dependent!
2015-01-18 15:16:17,112 [Worker-17] INFO  o.e.m.c.i.embedder.EclipseLogger - Copying 0 resource
2015-01-18 15:16:29,112 [Worker-14] WARN  o.e.m.c.i.embedder.EclipseLogger - Using platform encoding (Cp1252 actually) to copy filtered resources, i.e. build is platform dependent!
2015-01-18 15:16:29,128 [Worker-14] INFO  o.e.m.c.i.embedder.EclipseLogger - Copying 0 resource
2015-01-18 15:16:29,128 [Worker-14] WARN  o.e.m.c.i.embedder.EclipseLogger - Using platform encoding (Cp1252 actually) to copy filtered resources, i.e. build is platform dependent!
2015-01-18 15:16:29,128 [Worker-14] INFO  o.e.m.c.i.embedder.EclipseLogger - Copying 0 resource
2015-01-18 15:16:45,939 [Worker-12] WARN  o.e.m.c.i.embedder.EclipseLogger - Using platform encoding (Cp1252 actually) to copy filtered resources, i.e. build is platform dependent!
2015-01-18 15:16:45,939 [Worker-12] INFO  o.e.m.c.i.embedder.EclipseLogger - Copying 0 resource
2015-01-18 15:16:45,939 [Worker-12] WARN  o.e.m.c.i.embedder.EclipseLogger - Using platform encoding (Cp1252 actually) to copy filtered resources, i.e. build is platform dependent!
2015-01-18 15:16:45,939 [Worker-12] INFO  o.e.m.c.i.embedder.EclipseLogger - Copying 0 resource
2015-01-18 15:17:13,426 [Worker-7] WARN  o.e.m.c.i.embedder.EclipseLogger - Using platform encoding (Cp1252 actually) to copy filtered resources, i.e. build is platform dependent!
2015-01-18 15:17:13,442 [Worker-7] INFO  o.e.m.c.i.embedder.EclipseLogger - Copying 0 resource
2015-01-18 15:17:13,442 [Worker-7] WARN  o.e.m.c.i.embedder.EclipseLogger - Using platform encoding (Cp1252 actually) to copy filtered resources, i.e. build is platform dependent!
2015-01-18 15:17:13,442 [Worker-7] INFO  o.e.m.c.i.embedder.EclipseLogger - Copying 0 resource
2015-01-18 15:17:30,812 [Worker-16] WARN  o.e.m.c.i.embedder.EclipseLogger - Using platform encoding (Cp1252 actually) to copy filtered resources, i.e. build is platform dependent!
2015-01-18 15:17:30,812 [Worker-16] INFO  o.e.m.c.i.embedder.EclipseLogger - Copying 0 resource
2015-01-18 15:17:30,812 [Worker-16] WARN  o.e.m.c.i.embedder.EclipseLogger - Using platform encoding (Cp1252 actually) to copy filtered resources, i.e. build is platform dependent!
2015-01-18 15:17:30,827 [Worker-16] INFO  o.e.m.c.i.embedder.EclipseLogger - Copying 0 resource
2015-01-18 15:18:00,013 [Worker-16] WARN  o.e.m.c.i.embedder.EclipseLogger - Using platform encoding (Cp1252 actually) to copy filtered resources, i.e. build is platform dependent!
2015-01-18 15:18:00,028 [Worker-16] INFO  o.e.m.c.i.embedder.EclipseLogger - Copying 0 resource
2015-01-18 15:18:00,028 [Worker-16] WARN  o.e.m.c.i.embedder.EclipseLogger - Using platform encoding (Cp1252 actually) to copy filtered resources, i.e. build is platform dependent!
2015-01-18 15:18:00,028 [Worker-16] INFO  o.e.m.c.i.embedder.EclipseLogger - Copying 0 resource
2015-01-18 15:18:21,006 [Worker-11] WARN  o.e.m.c.i.embedder.EclipseLogger - Using platform encoding (Cp1252 actually) to copy filtered resources, i.e. build is platform dependent!
2015-01-18 15:18:21,006 [Worker-11] INFO  o.e.m.c.i.embedder.EclipseLogger - Copying 0 resource
2015-01-18 15:18:21,006 [Worker-11] WARN  o.e.m.c.i.embedder.EclipseLogger - Using platform encoding (Cp1252 actually) to copy filtered resources, i.e. build is platform dependent!
2015-01-18 15:18:21,021 [Worker-11] INFO  o.e.m.c.i.embedder.EclipseLogger - Copying 0 resource
2015-01-18 15:18:45,100 [Worker-11] WARN  o.e.m.c.i.embedder.EclipseLogger - Using platform encoding (Cp1252 actually) to copy filtered resources, i.e. build is platform dependent!
2015-01-18 15:18:45,115 [Worker-11] INFO  o.e.m.c.i.embedder.EclipseLogger - Copying 0 resource
2015-01-18 15:18:45,115 [Worker-11] WARN  o.e.m.c.i.embedder.EclipseLogger - Using platform encoding (Cp1252 actually) to copy filtered resources, i.e. build is platform dependent!
2015-01-18 15:18:45,115 [Worker-11] INFO  o.e.m.c.i.embedder.EclipseLogger - Copying 0 resource
2015-01-18 15:18:55,811 [Worker-7] WARN  o.e.m.c.i.embedder.EclipseLogger - Using platform encoding (Cp1252 actually) to copy filtered resources, i.e. build is platform dependent!
2015-01-18 15:18:55,811 [Worker-7] INFO  o.e.m.c.i.embedder.EclipseLogger - Copying 0 resource
2015-01-18 15:18:55,811 [Worker-7] WARN  o.e.m.c.i.embedder.EclipseLogger - Using platform encoding (Cp1252 actually) to copy filtered resources, i.e. build is platform dependent!
2015-01-18 15:18:55,827 [Worker-7] INFO  o.e.m.c.i.embedder.EclipseLogger - Copying 0 resource
2015-01-18 15:19:53,607 [Worker-19] WARN  o.e.m.c.i.embedder.EclipseLogger - Using platform encoding (Cp1252 actually) to copy filtered resources, i.e. build is platform dependent!
2015-01-18 15:19:53,607 [Worker-19] INFO  o.e.m.c.i.embedder.EclipseLogger - Copying 0 resource
2015-01-18 15:19:53,607 [Worker-19] WARN  o.e.m.c.i.embedder.EclipseLogger - Using platform encoding (Cp1252 actually) to copy filtered resources, i.e. build is platform dependent!
2015-01-18 15:19:53,622 [Worker-19] INFO  o.e.m.c.i.embedder.EclipseLogger - Copying 0 resource
2015-01-18 15:19:55,982 [Worker-6] WARN  o.e.m.c.i.embedder.EclipseLogger - Using platform encoding (Cp1252 actually) to copy filtered resources, i.e. build is platform dependent!
2015-01-18 15:19:55,997 [Worker-6] INFO  o.e.m.c.i.embedder.EclipseLogger - Copying 0 resource
2015-01-18 15:19:55,997 [Worker-6] WARN  o.e.m.c.i.embedder.EclipseLogger - Using platform encoding (Cp1252 actually) to copy filtered resources, i.e. build is platform dependent!
2015-01-18 15:19:56,013 [Worker-6] INFO  o.e.m.c.i.embedder.EclipseLogger - Copying 0 resource
2015-01-18 15:20:15,297 [Worker-2] WARN  o.e.m.c.i.embedder.EclipseLogger - Using platform encoding (Cp1252 actually) to copy filtered resources, i.e. build is platform dependent!
2015-01-18 15:20:15,297 [Worker-2] INFO  o.e.m.c.i.embedder.EclipseLogger - Copying 0 resource
2015-01-18 15:20:15,297 [Worker-2] WARN  o.e.m.c.i.embedder.EclipseLogger - Using platform encoding (Cp1252 actually) to copy filtered resources, i.e. build is platform dependent!
2015-01-18 15:20:15,312 [Worker-2] INFO  o.e.m.c.i.embedder.EclipseLogger - Copying 0 resource
2015-01-18 15:20:27,362 [Worker-7] WARN  o.e.m.c.i.embedder.EclipseLogger - Using platform encoding (Cp1252 actually) to copy filtered resources, i.e. build is platform dependent!
2015-01-18 15:20:27,362 [Worker-7] INFO  o.e.m.c.i.embedder.EclipseLogger - Copying 0 resource
2015-01-18 15:20:27,362 [Worker-7] WARN  o.e.m.c.i.embedder.EclipseLogger - Using platform encoding (Cp1252 actually) to copy filtered resources, i.e. build is platform dependent!
2015-01-18 15:20:27,377 [Worker-7] INFO  o.e.m.c.i.embedder.EclipseLogger - Copying 0 resource
2015-01-18 15:20:39,442 [Worker-13] WARN  o.e.m.c.i.embedder.EclipseLogger - Using platform encoding (Cp1252 actually) to copy filtered resources, i.e. build is platform dependent!
2015-01-18 15:20:39,442 [Worker-13] INFO  o.e.m.c.i.embedder.EclipseLogger - Copying 0 resource
2015-01-18 15:20:39,442 [Worker-13] WARN  o.e.m.c.i.embedder.EclipseLogger - Using platform encoding (Cp1252 actually) to copy filtered resources, i.e. build is platform dependent!
2015-01-18 15:20:39,458 [Worker-13] INFO  o.e.m.c.i.embedder.EclipseLogger - Copying 0 resource
2015-01-18 15:21:57,387 [Worker-15] INFO  o.e.m.c.i.l.LifecycleMappingFactory - Using org.maven.ide.eclipse.wtp.WarLifecycleMapping lifecycle mapping for MavenProject: com.project:stickynotes:1.0.0-BUILD-SNAPSHOT @ C:\Users\Varun\Desktop\Project_to_commit\Stickynotes\pom.xml.
2015-01-18 15:21:59,245 [Worker-15] WARN  o.e.m.c.i.embedder.EclipseLogger - Using platform encoding (Cp1252 actually) to copy filtered resources, i.e. build is platform dependent!
2015-01-18 15:21:59,261 [Worker-15] INFO  o.e.m.c.i.embedder.EclipseLogger - Copying 0 resource
2015-01-18 15:21:59,261 [Worker-15] WARN  o.e.m.c.i.embedder.EclipseLogger - Using platform encoding (Cp1252 actually) to copy filtered resources, i.e. build is platform dependent!
2015-01-18 15:21:59,261 [Worker-15] INFO  o.e.m.c.i.embedder.EclipseLogger - Copying 0 resource
2015-01-18 15:21:59,261 [Worker-15] INFO  o.e.m.w.i.f.ResourceFilteringBuildParticipant - Changed resources require a complete clean of filtered resources of Stickynotes
2015-01-18 15:21:59,261 [Worker-15] INFO  o.e.m.w.i.f.ResourceFilteringBuildParticipant - Executing resource filtering for Stickynotes
2015-01-18 15:21:59,276 [Worker-15] WARN  o.e.m.c.i.embedder.EclipseLogger - Using platform encoding (Cp1252 actually) to copy filtered resources, i.e. build is platform dependent!
2015-01-18 15:22:02,745 [Worker-13] WARN  o.e.m.c.i.embedder.EclipseLogger - Using platform encoding (Cp1252 actually) to copy filtered resources, i.e. build is platform dependent!
2015-01-18 15:22:02,745 [Worker-13] INFO  o.e.m.c.i.embedder.EclipseLogger - Copying 3 resources
2015-01-18 15:22:02,761 [Worker-13] WARN  o.e.m.c.i.embedder.EclipseLogger - Using platform encoding (Cp1252 actually) to copy filtered resources, i.e. build is platform dependent!
2015-01-18 15:22:02,761 [Worker-13] INFO  o.e.m.c.i.embedder.EclipseLogger - Copying 1 resource
2015-01-18 15:22:22,046 [Worker-18] WARN  o.e.m.c.i.embedder.EclipseLogger - Using platform encoding (Cp1252 actually) to copy filtered resources, i.e. build is platform dependent!
2015-01-18 15:22:22,046 [Worker-18] INFO  o.e.m.c.i.embedder.EclipseLogger - Copying 3 resources
2015-01-18 15:22:22,061 [Worker-18] WARN  o.e.m.c.i.embedder.EclipseLogger - Using platform encoding (Cp1252 actually) to copy filtered resources, i.e. build is platform dependent!
2015-01-18 15:22:22,061 [Worker-18] INFO  o.e.m.c.i.embedder.EclipseLogger - Copying 0 resource
2015-01-18 15:23:09,884 [Worker-20] WARN  o.e.m.c.i.embedder.EclipseLogger - Using platform encoding (Cp1252 actually) to copy filtered resources, i.e. build is platform dependent!
2015-01-18 15:23:09,884 [Worker-20] INFO  o.e.m.c.i.embedder.EclipseLogger - Copying 3 resources
2015-01-18 15:23:09,899 [Worker-20] WARN  o.e.m.c.i.embedder.EclipseLogger - Using platform encoding (Cp1252 actually) to copy filtered resources, i.e. build is platform dependent!
2015-01-18 15:23:09,899 [Worker-20] INFO  o.e.m.c.i.embedder.EclipseLogger - Copying 0 resource
2015-01-18 15:24:11,181 [Worker-15] WARN  o.e.m.c.i.embedder.EclipseLogger - Using platform encoding (Cp1252 actually) to copy filtered resources, i.e. build is platform dependent!
2015-01-18 15:24:11,196 [Worker-15] INFO  o.e.m.c.i.embedder.EclipseLogger - Copying 3 resources
2015-01-18 15:24:11,196 [Worker-15] WARN  o.e.m.c.i.embedder.EclipseLogger - Using platform encoding (Cp1252 actually) to copy filtered resources, i.e. build is platform dependent!
2015-01-18 15:24:11,196 [Worker-15] INFO  o.e.m.c.i.embedder.EclipseLogger - Copying 0 resource
2015-01-18 15:24:31,575 [Worker-12] WARN  o.e.m.c.i.embedder.EclipseLogger - Using platform encoding (Cp1252 actually) to copy filtered resources, i.e. build is platform dependent!
2015-01-18 15:24:31,590 [Worker-12] INFO  o.e.m.c.i.embedder.EclipseLogger - Copying 3 resources
2015-01-18 15:24:31,590 [Worker-12] WARN  o.e.m.c.i.embedder.EclipseLogger - Using platform encoding (Cp1252 actually) to copy filtered resources, i.e. build is platform dependent!
2015-01-18 15:24:31,590 [Worker-12] INFO  o.e.m.c.i.embedder.EclipseLogger - Copying 0 resource
2015-01-18 15:25:05,092 [Worker-15] WARN  o.e.m.c.i.embedder.EclipseLogger - Using platform encoding (Cp1252 actually) to copy filtered resources, i.e. build is platform dependent!
2015-01-18 15:25:05,092 [Worker-15] INFO  o.e.m.c.i.embedder.EclipseLogger - Copying 3 resources
2015-01-18 15:25:05,108 [Worker-15] WARN  o.e.m.c.i.embedder.EclipseLogger - Using platform encoding (Cp1252 actually) to copy filtered resources, i.e. build is platform dependent!
2015-01-18 15:25:05,108 [Worker-15] INFO  o.e.m.c.i.embedder.EclipseLogger - Copying 0 resource
2015-01-18 15:25:09,702 [Worker-14] WARN  o.e.m.c.i.embedder.EclipseLogger - Using platform encoding (Cp1252 actually) to copy filtered resources, i.e. build is platform dependent!
2015-01-18 15:25:09,702 [Worker-14] INFO  o.e.m.c.i.embedder.EclipseLogger - Copying 3 resources
2015-01-18 15:25:09,717 [Worker-14] WARN  o.e.m.c.i.embedder.EclipseLogger - Using platform encoding (Cp1252 actually) to copy filtered resources, i.e. build is platform dependent!
2015-01-18 15:25:09,717 [Worker-14] INFO  o.e.m.c.i.embedder.EclipseLogger - Copying 0 resource
2015-01-18 15:25:21,573 [Worker-13] WARN  o.e.m.c.i.embedder.EclipseLogger - Using platform encoding (Cp1252 actually) to copy filtered resources, i.e. build is platform dependent!
2015-01-18 15:25:21,589 [Worker-13] INFO  o.e.m.c.i.embedder.EclipseLogger - Copying 3 resources
2015-01-18 15:25:21,589 [Worker-13] WARN  o.e.m.c.i.embedder.EclipseLogger - Using platform encoding (Cp1252 actually) to copy filtered resources, i.e. build is platform dependent!
2015-01-18 15:25:21,589 [Worker-13] INFO  o.e.m.c.i.embedder.EclipseLogger - Copying 0 resource
2015-01-18 15:25:41,517 [Worker-14] WARN  o.e.m.c.i.embedder.EclipseLogger - Using platform encoding (Cp1252 actually) to copy filtered resources, i.e. build is platform dependent!
2015-01-18 15:25:41,517 [Worker-14] INFO  o.e.m.c.i.embedder.EclipseLogger - Copying 3 resources
2015-01-18 15:25:41,517 [Worker-14] WARN  o.e.m.c.i.embedder.EclipseLogger - Using platform encoding (Cp1252 actually) to copy filtered resources, i.e. build is platform dependent!
2015-01-18 15:25:41,517 [Worker-14] INFO  o.e.m.c.i.embedder.EclipseLogger - Copying 0 resource
2015-01-18 15:25:46,829 [Worker-11] WARN  o.e.m.c.i.embedder.EclipseLogger - Using platform encoding (Cp1252 actually) to copy filtered resources, i.e. build is platform dependent!
2015-01-18 15:25:46,829 [Worker-11] INFO  o.e.m.c.i.embedder.EclipseLogger - Copying 3 resources
2015-01-18 15:25:46,829 [Worker-11] WARN  o.e.m.c.i.embedder.EclipseLogger - Using platform encoding (Cp1252 actually) to copy filtered resources, i.e. build is platform dependent!
2015-01-18 15:25:46,845 [Worker-11] INFO  o.e.m.c.i.embedder.EclipseLogger - Copying 0 resource
2015-01-18 15:27:12,861 [Worker-7] WARN  o.e.m.c.i.embedder.EclipseLogger - Using platform encoding (Cp1252 actually) to copy filtered resources, i.e. build is platform dependent!
2015-01-18 15:27:12,861 [Worker-7] INFO  o.e.m.c.i.embedder.EclipseLogger - Copying 3 resources
2015-01-18 15:27:12,861 [Worker-7] WARN  o.e.m.c.i.embedder.EclipseLogger - Using platform encoding (Cp1252 actually) to copy filtered resources, i.e. build is platform dependent!
2015-01-18 15:27:12,877 [Worker-7] INFO  o.e.m.c.i.embedder.EclipseLogger - Copying 0 resource
2015-01-18 15:27:33,204 [Worker-20] WARN  o.e.m.c.i.embedder.EclipseLogger - Using platform encoding (Cp1252 actually) to copy filtered resources, i.e. build is platform dependent!
2015-01-18 15:27:33,204 [Worker-20] INFO  o.e.m.c.i.embedder.EclipseLogger - Copying 3 resources
2015-01-18 15:27:33,204 [Worker-20] WARN  o.e.m.c.i.embedder.EclipseLogger - Using platform encoding (Cp1252 actually) to copy filtered resources, i.e. build is platform dependent!
2015-01-18 15:27:33,220 [Worker-20] INFO  o.e.m.c.i.embedder.EclipseLogger - Copying 0 resource
2015-01-18 15:27:56,249 [Worker-12] WARN  o.e.m.c.i.embedder.EclipseLogger - Using platform encoding (Cp1252 actually) to copy filtered resources, i.e. build is platform dependent!
2015-01-18 15:27:56,249 [Worker-12] INFO  o.e.m.c.i.embedder.EclipseLogger - Copying 3 resources
2015-01-18 15:27:56,249 [Worker-12] WARN  o.e.m.c.i.embedder.EclipseLogger - Using platform encoding (Cp1252 actually) to copy filtered resources, i.e. build is platform dependent!
2015-01-18 15:27:56,264 [Worker-12] INFO  o.e.m.c.i.embedder.EclipseLogger - Copying 0 resource
2015-01-18 15:28:02,479 [Worker-20] WARN  o.e.m.c.i.embedder.EclipseLogger - Using platform encoding (Cp1252 actually) to copy filtered resources, i.e. build is platform dependent!
2015-01-18 15:28:02,479 [Worker-20] INFO  o.e.m.c.i.embedder.EclipseLogger - Copying 3 resources
2015-01-18 15:28:02,479 [Worker-20] WARN  o.e.m.c.i.embedder.EclipseLogger - Using platform encoding (Cp1252 actually) to copy filtered resources, i.e. build is platform dependent!
2015-01-18 15:28:02,495 [Worker-20] INFO  o.e.m.c.i.embedder.EclipseLogger - Copying 0 resource
2015-01-18 15:28:07,635 [Worker-15] WARN  o.e.m.c.i.embedder.EclipseLogger - Using platform encoding (Cp1252 actually) to copy filtered resources, i.e. build is platform dependent!
2015-01-18 15:28:07,635 [Worker-15] INFO  o.e.m.c.i.embedder.EclipseLogger - Copying 3 resources
2015-01-18 15:28:07,635 [Worker-15] WARN  o.e.m.c.i.embedder.EclipseLogger - Using platform encoding (Cp1252 actually) to copy filtered resources, i.e. build is platform dependent!
2015-01-18 15:28:07,651 [Worker-15] INFO  o.e.m.c.i.embedder.EclipseLogger - Copying 0 resource
2015-01-18 15:28:26,965 [Worker-15] WARN  o.e.m.c.i.embedder.EclipseLogger - Using platform encoding (Cp1252 actually) to copy filtered resources, i.e. build is platform dependent!
2015-01-18 15:28:26,965 [Worker-15] INFO  o.e.m.c.i.embedder.EclipseLogger - Copying 3 resources
2015-01-18 15:28:26,965 [Worker-15] WARN  o.e.m.c.i.embedder.EclipseLogger - Using platform encoding (Cp1252 actually) to copy filtered resources, i.e. build is platform dependent!
2015-01-18 15:28:26,980 [Worker-15] INFO  o.e.m.c.i.embedder.EclipseLogger - Copying 0 resource
2015-01-18 15:28:40,767 [Worker-7] WARN  o.e.m.c.i.embedder.EclipseLogger - Using platform encoding (Cp1252 actually) to copy filtered resources, i.e. build is platform dependent!
2015-01-18 15:28:40,767 [Worker-7] INFO  o.e.m.c.i.embedder.EclipseLogger - Copying 3 resources
2015-01-18 15:28:40,767 [Worker-7] WARN  o.e.m.c.i.embedder.EclipseLogger - Using platform encoding (Cp1252 actually) to copy filtered resources, i.e. build is platform dependent!
2015-01-18 15:28:40,767 [Worker-7] INFO  o.e.m.c.i.embedder.EclipseLogger - Copying 0 resource
2015-01-18 15:28:56,150 [Worker-18] WARN  o.e.m.c.i.embedder.EclipseLogger - Using platform encoding (Cp1252 actually) to copy filtered resources, i.e. build is platform dependent!
2015-01-18 15:28:56,150 [Worker-18] INFO  o.e.m.c.i.embedder.EclipseLogger - Copying 3 resources
2015-01-18 15:28:56,150 [Worker-18] WARN  o.e.m.c.i.embedder.EclipseLogger - Using platform encoding (Cp1252 actually) to copy filtered resources, i.e. build is platform dependent!
2015-01-18 15:28:56,166 [Worker-18] INFO  o.e.m.c.i.embedder.EclipseLogger - Copying 0 resource
2015-01-18 15:29:13,787 [Worker-11] INFO  o.e.m.c.i.e.AbstractTransferListenerAdapter - Downloaded https://github.com/sendwithus/sendwithus-mvn-repo/raw/master/releases/org/mongodb/mongo-java-driver/2.12.3/mongo-java-driver-2.12.3-sources.jar
2015-01-18 15:29:13,912 [Worker-11] INFO  o.e.m.c.i.e.AbstractTransferListenerAdapter - Downloading http://repo.maven.apache.org/maven2/org/mongodb/mongo-java-driver/2.12.3/mongo-java-driver-2.12.3-sources.jar
2015-01-18 15:29:14,631 [Worker-11] INFO  o.e.m.c.i.e.AbstractTransferListenerAdapter - Downloaded http://repo.maven.apache.org/maven2/org/mongodb/mongo-java-driver/2.12.3/mongo-java-driver-2.12.3-sources.jar
2015-01-18 15:29:14,772 [Worker-11] INFO  o.e.m.j.internal.DownloadSourcesJob - Downloaded sources for org.mongodb:mongo-java-driver:2.12.3
2015-01-18 15:29:15,178 [Worker-16] WARN  o.e.m.c.i.embedder.EclipseLogger - Using platform encoding (Cp1252 actually) to copy filtered resources, i.e. build is platform dependent!
2015-01-18 15:29:15,178 [Worker-16] INFO  o.e.m.c.i.embedder.EclipseLogger - Copying 0 resource
2015-01-18 15:29:15,194 [Worker-16] WARN  o.e.m.c.i.embedder.EclipseLogger - Using platform encoding (Cp1252 actually) to copy filtered resources, i.e. build is platform dependent!
2015-01-18 15:29:15,194 [Worker-16] INFO  o.e.m.c.i.embedder.EclipseLogger - Copying 0 resource
2015-01-18 15:29:17,377 [Worker-16] WARN  o.e.m.c.i.embedder.EclipseLogger - Using platform encoding (Cp1252 actually) to copy filtered resources, i.e. build is platform dependent!
2015-01-18 15:29:17,392 [Worker-16] INFO  o.e.m.c.i.embedder.EclipseLogger - Copying 3 resources
2015-01-18 15:29:17,392 [Worker-16] WARN  o.e.m.c.i.embedder.EclipseLogger - Using platform encoding (Cp1252 actually) to copy filtered resources, i.e. build is platform dependent!
2015-01-18 15:29:17,392 [Worker-16] INFO  o.e.m.c.i.embedder.EclipseLogger - Copying 0 resource
2015-01-18 15:29:46,542 [Worker-7] WARN  o.e.m.c.i.embedder.EclipseLogger - Using platform encoding (Cp1252 actually) to copy filtered resources, i.e. build is platform dependent!
2015-01-18 15:29:46,542 [Worker-7] INFO  o.e.m.c.i.embedder.EclipseLogger - Copying 3 resources
2015-01-18 15:29:46,558 [Worker-7] WARN  o.e.m.c.i.embedder.EclipseLogger - Using platform encoding (Cp1252 actually) to copy filtered resources, i.e. build is platform dependent!
2015-01-18 15:29:46,558 [Worker-7] INFO  o.e.m.c.i.embedder.EclipseLogger - Copying 0 resource
2015-01-18 15:29:55,013 [Worker-19] INFO  o.e.m.c.i.p.ProjectConfigurationManager - Update started
2015-01-18 15:29:55,091 [Worker-19] INFO  o.e.m.c.i.l.LifecycleMappingFactory - Using org.maven.ide.eclipse.wtp.WarLifecycleMapping lifecycle mapping for MavenProject: com.project:stickynotes:1.0.0-BUILD-SNAPSHOT @ C:\Users\Varun\Desktop\Project_to_commit\Stickynotes\pom.xml.
2015-01-18 15:29:55,278 [pool-2-thread-2] INFO  o.e.m.c.i.e.AbstractTransferListenerAdapter - Downloading http://repo.maven.apache.org/maven2/com/dropbox/core/dropbox-core-sdk/maven-metadata.xml
2015-01-18 15:29:55,356 [pool-2-thread-2] INFO  o.e.m.c.i.e.AbstractTransferListenerAdapter - Downloaded http://repo.maven.apache.org/maven2/com/dropbox/core/dropbox-core-sdk/maven-metadata.xml
2015-01-18 15:29:55,747 [pool-2-thread-1] INFO  o.e.m.c.i.e.AbstractTransferListenerAdapter - Downloaded https://github.com/sendwithus/sendwithus-mvn-repo/raw/master/releases/com/dropbox/core/dropbox-core-sdk/maven-metadata.xml
2015-01-18 15:29:55,810 [pool-3-thread-2] INFO  o.e.m.c.i.e.AbstractTransferListenerAdapter - Downloading http://repo.maven.apache.org/maven2/com/fasterxml/jackson/core/jackson-core/maven-metadata.xml
2015-01-18 15:29:55,856 [pool-3-thread-2] INFO  o.e.m.c.i.e.AbstractTransferListenerAdapter - Downloaded http://repo.maven.apache.org/maven2/com/fasterxml/jackson/core/jackson-core/maven-metadata.xml
2015-01-18 15:29:56,310 [pool-3-thread-1] INFO  o.e.m.c.i.e.AbstractTransferListenerAdapter - Downloaded https://github.com/sendwithus/sendwithus-mvn-repo/raw/master/releases/com/fasterxml/jackson/core/jackson-core/maven-metadata.xml
2015-01-18 15:29:56,528 [Worker-19] INFO  o.e.m.c.i.e.AbstractTransferListenerAdapter - Downloaded http://types.cs.washington.edu/m2-repo/com/fasterxml/jackson/core/jackson-core/maven-metadata.xml
2015-01-18 15:29:57,935 [Worker-19] INFO  o.e.m.j.i.AbstractJavaProjectConfigurator - Adding source folder /Stickynotes/src/main/java
2015-01-18 15:29:57,935 [Worker-19] INFO  o.e.m.j.i.AbstractJavaProjectConfigurator - Resources folder /Stickynotes/src/main/resources overlaps with sources folder /Stickynotes/src/main/resources
2015-01-18 15:29:57,935 [Worker-19] INFO  o.e.m.j.i.AbstractJavaProjectConfigurator - Adding source folder /Stickynotes/src/test/java
2015-01-18 15:29:57,935 [Worker-19] INFO  o.e.m.j.i.AbstractJavaProjectConfigurator - Resources folder /Stickynotes/src/test/resources overlaps with sources folder /Stickynotes/src/test/resources
2015-01-18 15:29:59,216 [Worker-19] INFO  o.e.m.c.i.l.LifecycleMappingFactory - Using org.maven.ide.eclipse.wtp.WarLifecycleMapping lifecycle mapping for MavenProject: com.project:stickynotes:1.0.0-BUILD-SNAPSHOT @ C:\Users\Varun\Desktop\Project_to_commit\Stickynotes\pom.xml.
2015-01-18 15:30:00,841 [Worker-19] INFO  o.e.m.w.i.f.ResourceFilteringBuildParticipant - Cleaning filtered folder for Stickynotes
2015-01-18 15:30:00,841 [Worker-19] INFO  o.e.m.c.i.p.ProjectConfigurationManager - Update completed: 5 sec
2015-01-18 15:30:10,290 [Worker-14] WARN  o.e.m.c.i.embedder.EclipseLogger - Using platform encoding (Cp1252 actually) to copy filtered resources, i.e. build is platform dependent!
2015-01-18 15:30:10,290 [Worker-14] INFO  o.e.m.c.i.embedder.EclipseLogger - Copying 3 resources
2015-01-18 15:30:10,306 [Worker-14] WARN  o.e.m.c.i.embedder.EclipseLogger - Using platform encoding (Cp1252 actually) to copy filtered resources, i.e. build is platform dependent!
2015-01-18 15:30:10,306 [Worker-14] INFO  o.e.m.c.i.embedder.EclipseLogger - Copying 1 resource
2015-01-18 15:30:43,648 [Worker-2] WARN  o.e.m.c.i.embedder.EclipseLogger - Using platform encoding (Cp1252 actually) to copy filtered resources, i.e. build is platform dependent!
2015-01-18 15:30:43,648 [Worker-2] INFO  o.e.m.c.i.embedder.EclipseLogger - Copying 3 resources
2015-01-18 15:30:43,648 [Worker-2] WARN  o.e.m.c.i.embedder.EclipseLogger - Using platform encoding (Cp1252 actually) to copy filtered resources, i.e. build is platform dependent!
2015-01-18 15:30:43,648 [Worker-2] INFO  o.e.m.c.i.embedder.EclipseLogger - Copying 0 resource
2015-01-18 15:30:48,555 [Worker-2] WARN  o.e.m.c.i.embedder.EclipseLogger - Using platform encoding (Cp1252 actually) to copy filtered resources, i.e. build is platform dependent!
2015-01-18 15:30:48,555 [Worker-2] INFO  o.e.m.c.i.embedder.EclipseLogger - Copying 3 resources
2015-01-18 15:30:48,570 [Worker-2] WARN  o.e.m.c.i.embedder.EclipseLogger - Using platform encoding (Cp1252 actually) to copy filtered resources, i.e. build is platform dependent!
2015-01-18 15:30:48,570 [Worker-2] INFO  o.e.m.c.i.embedder.EclipseLogger - Copying 0 resource
2015-01-18 15:30:58,993 [Worker-12] WARN  o.e.m.c.i.embedder.EclipseLogger - Using platform encoding (Cp1252 actually) to copy filtered resources, i.e. build is platform dependent!
2015-01-18 15:30:58,993 [Worker-12] INFO  o.e.m.c.i.embedder.EclipseLogger - Copying 3 resources
2015-01-18 15:30:58,993 [Worker-12] WARN  o.e.m.c.i.embedder.EclipseLogger - Using platform encoding (Cp1252 actually) to copy filtered resources, i.e. build is platform dependent!
2015-01-18 15:30:59,009 [Worker-12] INFO  o.e.m.c.i.embedder.EclipseLogger - Copying 0 resource
2015-01-18 15:31:05,103 [Worker-20] WARN  o.e.m.c.i.embedder.EclipseLogger - Using platform encoding (Cp1252 actually) to copy filtered resources, i.e. build is platform dependent!
2015-01-18 15:31:05,118 [Worker-20] INFO  o.e.m.c.i.embedder.EclipseLogger - Copying 3 resources
2015-01-18 15:31:05,118 [Worker-20] WARN  o.e.m.c.i.embedder.EclipseLogger - Using platform encoding (Cp1252 actually) to copy filtered resources, i.e. build is platform dependent!
2015-01-18 15:31:05,118 [Worker-20] INFO  o.e.m.c.i.embedder.EclipseLogger - Copying 0 resource
2015-01-18 15:32:03,097 [Worker-15] WARN  o.e.m.c.i.embedder.EclipseLogger - Using platform encoding (Cp1252 actually) to copy filtered resources, i.e. build is platform dependent!
2015-01-18 15:32:03,097 [Worker-15] INFO  o.e.m.c.i.embedder.EclipseLogger - Copying 3 resources
2015-01-18 15:32:03,097 [Worker-15] WARN  o.e.m.c.i.embedder.EclipseLogger - Using platform encoding (Cp1252 actually) to copy filtered resources, i.e. build is platform dependent!
2015-01-18 15:32:03,097 [Worker-15] INFO  o.e.m.c.i.embedder.EclipseLogger - Copying 0 resource
2015-01-18 15:32:15,176 [Worker-12] INFO  o.e.m.w.i.f.ResourceFilteringBuildParticipant - Cleaning filtered folder for Stickynotes
2015-01-18 15:32:23,098 [Worker-16] WARN  o.e.m.c.i.embedder.EclipseLogger - Using platform encoding (Cp1252 actually) to copy filtered resources, i.e. build is platform dependent!
2015-01-18 15:32:23,114 [Worker-16] INFO  o.e.m.c.i.embedder.EclipseLogger - Copying 3 resources
2015-01-18 15:32:23,114 [Worker-16] WARN  o.e.m.c.i.embedder.EclipseLogger - Using platform encoding (Cp1252 actually) to copy filtered resources, i.e. build is platform dependent!
2015-01-18 15:32:23,130 [Worker-16] INFO  o.e.m.c.i.embedder.EclipseLogger - Copying 1 resource
2015-01-18 15:45:12,312 [Worker-20] WARN  o.e.m.c.i.embedder.EclipseLogger - Using platform encoding (Cp1252 actually) to copy filtered resources, i.e. build is platform dependent!
2015-01-18 15:45:12,312 [Worker-20] INFO  o.e.m.c.i.embedder.EclipseLogger - Copying 3 resources
2015-01-18 15:45:12,327 [Worker-20] WARN  o.e.m.c.i.embedder.EclipseLogger - Using platform encoding (Cp1252 actually) to copy filtered resources, i.e. build is platform dependent!
2015-01-18 15:45:12,327 [Worker-20] INFO  o.e.m.c.i.embedder.EclipseLogger - Copying 0 resource
